# Logfile created on 2014-02-05 11:20:52 -0800 by logger.rb/41954
I, [2014-02-05T11:20:52.827818 #34862]  INFO -- : 0:  rake (10.1.1) from /Users/wgester/.rvm/rubies/ruby-2.0.0-p353/lib/ruby/gems/2.0.0/specifications/rake-10.1.1.gemspec
I, [2014-02-05T11:20:53.460852 #34862]  INFO -- : 0:  i18n (0.6.9) from /Users/wgester/.rvm/rubies/ruby-2.0.0-p353/lib/ruby/gems/2.0.0/specifications/i18n-0.6.9.gemspec
I, [2014-02-05T11:20:54.189458 #34862]  INFO -- : 0:  minitest (4.7.5) from /Users/wgester/.rvm/rubies/ruby-2.0.0-p353/lib/ruby/gems/2.0.0/specifications/minitest-4.7.5.gemspec
I, [2014-02-05T11:20:54.740493 #34862]  INFO -- : 0:  multi_json (1.8.4) from /Users/wgester/.rvm/rubies/ruby-2.0.0-p353/lib/ruby/gems/2.0.0/specifications/multi_json-1.8.4.gemspec
I, [2014-02-05T11:20:56.014455 #34862]  INFO -- : 0:  atomic (1.1.14) from /Users/wgester/.rvm/rubies/ruby-2.0.0-p353/lib/ruby/gems/2.0.0/specifications/atomic-1.1.14.gemspec
I, [2014-02-05T11:20:56.805840 #34862]  INFO -- : 0:  thread_safe (0.1.3) from /Users/wgester/.rvm/rubies/ruby-2.0.0-p353/lib/ruby/gems/2.0.0/specifications/thread_safe-0.1.3.gemspec
I, [2014-02-05T11:20:57.959878 #34862]  INFO -- : 0:  tzinfo (0.3.38) from /Users/wgester/.rvm/rubies/ruby-2.0.0-p353/lib/ruby/gems/2.0.0/specifications/tzinfo-0.3.38.gemspec
I, [2014-02-05T11:20:59.285911 #34862]  INFO -- : 0:  activesupport (4.0.2) from /Users/wgester/.rvm/rubies/ruby-2.0.0-p353/lib/ruby/gems/2.0.0/specifications/activesupport-4.0.2.gemspec
I, [2014-02-05T11:21:00.823479 #34862]  INFO -- : 0:  builder (3.1.4) from /Users/wgester/.rvm/rubies/ruby-2.0.0-p353/lib/ruby/gems/2.0.0/specifications/builder-3.1.4.gemspec
I, [2014-02-05T11:21:01.379323 #34862]  INFO -- : 0:  activemodel (4.0.2) from /Users/wgester/.rvm/rubies/ruby-2.0.0-p353/lib/ruby/gems/2.0.0/specifications/activemodel-4.0.2.gemspec
I, [2014-02-05T11:21:01.880265 #34862]  INFO -- : 0:  activerecord-deprecated_finders (1.0.3) from /Users/wgester/.rvm/rubies/ruby-2.0.0-p353/lib/ruby/gems/2.0.0/specifications/activerecord-deprecated_finders-1.0.3.gemspec
I, [2014-02-05T11:21:02.847521 #34862]  INFO -- : 0:  arel (4.0.1) from /Users/wgester/.rvm/rubies/ruby-2.0.0-p353/lib/ruby/gems/2.0.0/specifications/arel-4.0.1.gemspec
I, [2014-02-05T11:21:05.324759 #34862]  INFO -- : 0:  activerecord (4.0.2) from /Users/wgester/.rvm/rubies/ruby-2.0.0-p353/lib/ruby/gems/2.0.0/specifications/activerecord-4.0.2.gemspec
I, [2014-02-05T11:21:06.168604 #34862]  INFO -- : 0:  backports (3.5.0) from /Users/wgester/.rvm/rubies/ruby-2.0.0-p353/lib/ruby/gems/2.0.0/specifications/backports-3.5.0.gemspec
I, [2014-02-05T11:21:07.567874 #34862]  INFO -- : 0:  bond (0.4.3) from /Users/wgester/.rvm/rubies/ruby-2.0.0-p353/lib/ruby/gems/2.0.0/specifications/bond-0.4.3.gemspec
I, [2014-02-05T11:21:08.195189 #34862]  INFO -- : 0:  coderay (1.1.0) from /Users/wgester/.rvm/rubies/ruby-2.0.0-p353/lib/ruby/gems/2.0.0/specifications/coderay-1.1.0.gemspec
I, [2014-02-05T11:21:09.065733 #34862]  INFO -- : 0:  daemons (1.1.9) from /Users/wgester/.rvm/rubies/ruby-2.0.0-p353/lib/ruby/gems/2.0.0/specifications/daemons-1.1.9.gemspec
I, [2014-02-05T11:21:11.458139 #34862]  INFO -- : 0:  diff-lcs (1.2.5) from /Users/wgester/.rvm/rubies/ruby-2.0.0-p353/lib/ruby/gems/2.0.0/specifications/diff-lcs-1.2.5.gemspec
I, [2014-02-05T11:21:17.967619 #34862]  INFO -- : 0:  eventmachine (1.0.3) from /Users/wgester/.rvm/rubies/ruby-2.0.0-p353/lib/ruby/gems/2.0.0/specifications/eventmachine-1.0.3.gemspec
I, [2014-02-05T11:21:18.434061 #34862]  INFO -- : 0:  method_source (0.8.2) from /Users/wgester/.rvm/rubies/ruby-2.0.0-p353/lib/ruby/gems/2.0.0/specifications/method_source-0.8.2.gemspec
I, [2014-02-05T11:21:18.974607 #34862]  INFO -- : 0:  slop (3.4.7) from /Users/wgester/.rvm/rubies/ruby-2.0.0-p353/lib/ruby/gems/2.0.0/specifications/slop-3.4.7.gemspec
I, [2014-02-05T11:21:20.866843 #34862]  INFO -- : 0:  pry (0.9.12.6) from /Users/wgester/.rvm/rubies/ruby-2.0.0-p353/lib/ruby/gems/2.0.0/specifications/pry-0.9.12.6.gemspec
I, [2014-02-05T11:21:22.229860 #34862]  INFO -- : 0:  rack (1.5.2) from /Users/wgester/.rvm/rubies/ruby-2.0.0-p353/lib/ruby/gems/2.0.0/specifications/rack-1.5.2.gemspec
I, [2014-02-05T11:21:23.300009 #34862]  INFO -- : 0:  rack-protection (1.5.2) from /Users/wgester/.rvm/rubies/ruby-2.0.0-p353/lib/ruby/gems/2.0.0/specifications/rack-protection-1.5.2.gemspec
I, [2014-02-05T11:21:24.607511 #34862]  INFO -- : 0:  rack-test (0.6.2) from /Users/wgester/.rvm/rubies/ruby-2.0.0-p353/lib/ruby/gems/2.0.0/specifications/rack-test-0.6.2.gemspec
I, [2014-02-05T11:21:25.451443 #34862]  INFO -- : 0:  ripl (0.7.0) from /Users/wgester/.rvm/rubies/ruby-2.0.0-p353/lib/ruby/gems/2.0.0/specifications/ripl-0.7.0.gemspec
I, [2014-02-05T11:21:26.408802 #34862]  INFO -- : 0:  ripl-multi_line (0.3.1) from /Users/wgester/.rvm/rubies/ruby-2.0.0-p353/lib/ruby/gems/2.0.0/specifications/ripl-multi_line-0.3.1.gemspec
I, [2014-02-05T11:21:27.079255 #34862]  INFO -- : 0:  ripl-rack (0.2.0) from /Users/wgester/.rvm/rubies/ruby-2.0.0-p353/lib/ruby/gems/2.0.0/specifications/ripl-rack-0.2.0.gemspec
I, [2014-02-05T11:21:27.893375 #34862]  INFO -- : 0:  rspec-core (2.14.7) from /Users/wgester/.rvm/rubies/ruby-2.0.0-p353/lib/ruby/gems/2.0.0/specifications/rspec-core-2.14.7.gemspec
I, [2014-02-05T11:21:28.916612 #34862]  INFO -- : 0:  rspec-expectations (2.14.5) from /Users/wgester/.rvm/rubies/ruby-2.0.0-p353/lib/ruby/gems/2.0.0/specifications/rspec-expectations-2.14.5.gemspec
I, [2014-02-05T11:21:29.769452 #34862]  INFO -- : 0:  rspec-mocks (2.14.5) from /Users/wgester/.rvm/rubies/ruby-2.0.0-p353/lib/ruby/gems/2.0.0/specifications/rspec-mocks-2.14.5.gemspec
I, [2014-02-05T11:21:30.429435 #34862]  INFO -- : 0:  rspec (2.14.1) from /Users/wgester/.rvm/rubies/ruby-2.0.0-p353/lib/ruby/gems/2.0.0/specifications/rspec-2.14.1.gemspec
I, [2014-02-05T11:21:31.225675 #34862]  INFO -- : 0:  tilt (1.4.1) from /Users/wgester/.rvm/rubies/ruby-2.0.0-p353/lib/ruby/gems/2.0.0/specifications/tilt-1.4.1.gemspec
I, [2014-02-05T11:21:34.698366 #34862]  INFO -- : 0:  sinatra (1.4.4) from /Users/wgester/.rvm/rubies/ruby-2.0.0-p353/lib/ruby/gems/2.0.0/specifications/sinatra-1.4.4.gemspec
I, [2014-02-05T11:21:35.655629 #34862]  INFO -- : 0:  sinatra-activerecord (1.2.5) from /Users/wgester/.rvm/rubies/ruby-2.0.0-p353/lib/ruby/gems/2.0.0/specifications/sinatra-activerecord-1.2.5.gemspec
I, [2014-02-05T11:21:36.996820 #34862]  INFO -- : 0:  sinatra-contrib (1.4.2) from /Users/wgester/.rvm/rubies/ruby-2.0.0-p353/lib/ruby/gems/2.0.0/specifications/sinatra-contrib-1.4.2.gemspec
I, [2014-02-05T11:21:38.752327 #34862]  INFO -- : 0:  sqlite3 (1.3.8) from /Users/wgester/.rvm/rubies/ruby-2.0.0-p353/lib/ruby/gems/2.0.0/specifications/sqlite3-1.3.8.gemspec
I, [2014-02-05T11:21:40.991684 #34862]  INFO -- : 0:  thin (1.6.1) from /Users/wgester/.rvm/rubies/ruby-2.0.0-p353/lib/ruby/gems/2.0.0/specifications/thin-1.6.1.gemspec
I, [2014-02-05T11:21:41.624883 #34862]  INFO -- : 0:  tux (0.3.0) from /Users/wgester/.rvm/rubies/ruby-2.0.0-p353/lib/ruby/gems/2.0.0/specifications/tux-0.3.0.gemspec
I, [2014-02-05T11:21:41.625214 #34862]  INFO -- : 0:  bundler (1.5.1) from /Users/wgester/.rvm/rubies/ruby-2.0.0-p353/lib/ruby/gems/2.0.0/specifications/bundler-1.5.1.gemspec
I, [2014-02-05T11:27:37.517215 #35731]  INFO -- : 0:  rake (10.1.1) from /Users/wgester/.rvm/rubies/ruby-2.0.0-p353/lib/ruby/gems/2.0.0/specifications/rake-10.1.1.gemspec
I, [2014-02-05T11:27:37.517561 #35731]  INFO -- : 0:  i18n (0.6.9) from /Users/wgester/.rvm/rubies/ruby-2.0.0-p353/lib/ruby/gems/2.0.0/specifications/i18n-0.6.9.gemspec
I, [2014-02-05T11:27:37.517778 #35731]  INFO -- : 0:  minitest (4.7.5) from /Users/wgester/.rvm/rubies/ruby-2.0.0-p353/lib/ruby/gems/2.0.0/specifications/minitest-4.7.5.gemspec
I, [2014-02-05T11:27:37.517968 #35731]  INFO -- : 0:  multi_json (1.8.4) from /Users/wgester/.rvm/rubies/ruby-2.0.0-p353/lib/ruby/gems/2.0.0/specifications/multi_json-1.8.4.gemspec
I, [2014-02-05T11:27:37.518154 #35731]  INFO -- : 0:  atomic (1.1.14) from /Users/wgester/.rvm/rubies/ruby-2.0.0-p353/lib/ruby/gems/2.0.0/specifications/atomic-1.1.14.gemspec
I, [2014-02-05T11:27:37.518352 #35731]  INFO -- : 0:  thread_safe (0.1.3) from /Users/wgester/.rvm/rubies/ruby-2.0.0-p353/lib/ruby/gems/2.0.0/specifications/thread_safe-0.1.3.gemspec
I, [2014-02-05T11:27:37.518586 #35731]  INFO -- : 0:  tzinfo (0.3.38) from /Users/wgester/.rvm/rubies/ruby-2.0.0-p353/lib/ruby/gems/2.0.0/specifications/tzinfo-0.3.38.gemspec
I, [2014-02-05T11:27:37.518804 #35731]  INFO -- : 0:  activesupport (4.0.2) from /Users/wgester/.rvm/rubies/ruby-2.0.0-p353/lib/ruby/gems/2.0.0/specifications/activesupport-4.0.2.gemspec
I, [2014-02-05T11:27:37.519019 #35731]  INFO -- : 0:  builder (3.1.4) from /Users/wgester/.rvm/rubies/ruby-2.0.0-p353/lib/ruby/gems/2.0.0/specifications/builder-3.1.4.gemspec
I, [2014-02-05T11:27:37.519234 #35731]  INFO -- : 0:  activemodel (4.0.2) from /Users/wgester/.rvm/rubies/ruby-2.0.0-p353/lib/ruby/gems/2.0.0/specifications/activemodel-4.0.2.gemspec
I, [2014-02-05T11:27:37.519448 #35731]  INFO -- : 0:  activerecord-deprecated_finders (1.0.3) from /Users/wgester/.rvm/rubies/ruby-2.0.0-p353/lib/ruby/gems/2.0.0/specifications/activerecord-deprecated_finders-1.0.3.gemspec
I, [2014-02-05T11:27:37.519658 #35731]  INFO -- : 0:  arel (4.0.1) from /Users/wgester/.rvm/rubies/ruby-2.0.0-p353/lib/ruby/gems/2.0.0/specifications/arel-4.0.1.gemspec
I, [2014-02-05T11:27:37.519869 #35731]  INFO -- : 0:  activerecord (4.0.2) from /Users/wgester/.rvm/rubies/ruby-2.0.0-p353/lib/ruby/gems/2.0.0/specifications/activerecord-4.0.2.gemspec
I, [2014-02-05T11:27:37.520078 #35731]  INFO -- : 0:  backports (3.5.0) from /Users/wgester/.rvm/rubies/ruby-2.0.0-p353/lib/ruby/gems/2.0.0/specifications/backports-3.5.0.gemspec
I, [2014-02-05T11:27:37.520282 #35731]  INFO -- : 0:  bond (0.4.3) from /Users/wgester/.rvm/rubies/ruby-2.0.0-p353/lib/ruby/gems/2.0.0/specifications/bond-0.4.3.gemspec
I, [2014-02-05T11:27:37.520492 #35731]  INFO -- : 0:  coderay (1.1.0) from /Users/wgester/.rvm/rubies/ruby-2.0.0-p353/lib/ruby/gems/2.0.0/specifications/coderay-1.1.0.gemspec
I, [2014-02-05T11:27:37.520704 #35731]  INFO -- : 0:  daemons (1.1.9) from /Users/wgester/.rvm/rubies/ruby-2.0.0-p353/lib/ruby/gems/2.0.0/specifications/daemons-1.1.9.gemspec
I, [2014-02-05T11:27:37.520914 #35731]  INFO -- : 0:  diff-lcs (1.2.5) from /Users/wgester/.rvm/rubies/ruby-2.0.0-p353/lib/ruby/gems/2.0.0/specifications/diff-lcs-1.2.5.gemspec
I, [2014-02-05T11:27:37.521120 #35731]  INFO -- : 0:  eventmachine (1.0.3) from /Users/wgester/.rvm/rubies/ruby-2.0.0-p353/lib/ruby/gems/2.0.0/specifications/eventmachine-1.0.3.gemspec
I, [2014-02-05T11:27:37.521324 #35731]  INFO -- : 0:  method_source (0.8.2) from /Users/wgester/.rvm/rubies/ruby-2.0.0-p353/lib/ruby/gems/2.0.0/specifications/method_source-0.8.2.gemspec
I, [2014-02-05T11:27:37.521572 #35731]  INFO -- : 0:  slop (3.4.7) from /Users/wgester/.rvm/rubies/ruby-2.0.0-p353/lib/ruby/gems/2.0.0/specifications/slop-3.4.7.gemspec
I, [2014-02-05T11:27:37.521795 #35731]  INFO -- : 0:  pry (0.9.12.6) from /Users/wgester/.rvm/rubies/ruby-2.0.0-p353/lib/ruby/gems/2.0.0/specifications/pry-0.9.12.6.gemspec
I, [2014-02-05T11:27:37.521998 #35731]  INFO -- : 0:  rack (1.5.2) from /Users/wgester/.rvm/rubies/ruby-2.0.0-p353/lib/ruby/gems/2.0.0/specifications/rack-1.5.2.gemspec
I, [2014-02-05T11:27:37.522200 #35731]  INFO -- : 0:  rack-protection (1.5.2) from /Users/wgester/.rvm/rubies/ruby-2.0.0-p353/lib/ruby/gems/2.0.0/specifications/rack-protection-1.5.2.gemspec
I, [2014-02-05T11:27:37.522406 #35731]  INFO -- : 0:  rack-test (0.6.2) from /Users/wgester/.rvm/rubies/ruby-2.0.0-p353/lib/ruby/gems/2.0.0/specifications/rack-test-0.6.2.gemspec
I, [2014-02-05T11:27:37.522606 #35731]  INFO -- : 0:  ripl (0.7.0) from /Users/wgester/.rvm/rubies/ruby-2.0.0-p353/lib/ruby/gems/2.0.0/specifications/ripl-0.7.0.gemspec
I, [2014-02-05T11:27:37.522809 #35731]  INFO -- : 0:  ripl-multi_line (0.3.1) from /Users/wgester/.rvm/rubies/ruby-2.0.0-p353/lib/ruby/gems/2.0.0/specifications/ripl-multi_line-0.3.1.gemspec
I, [2014-02-05T11:27:37.523013 #35731]  INFO -- : 0:  ripl-rack (0.2.0) from /Users/wgester/.rvm/rubies/ruby-2.0.0-p353/lib/ruby/gems/2.0.0/specifications/ripl-rack-0.2.0.gemspec
I, [2014-02-05T11:27:37.523215 #35731]  INFO -- : 0:  rspec-core (2.14.7) from /Users/wgester/.rvm/rubies/ruby-2.0.0-p353/lib/ruby/gems/2.0.0/specifications/rspec-core-2.14.7.gemspec
I, [2014-02-05T11:27:37.523432 #35731]  INFO -- : 0:  rspec-expectations (2.14.5) from /Users/wgester/.rvm/rubies/ruby-2.0.0-p353/lib/ruby/gems/2.0.0/specifications/rspec-expectations-2.14.5.gemspec
I, [2014-02-05T11:27:37.523639 #35731]  INFO -- : 0:  rspec-mocks (2.14.5) from /Users/wgester/.rvm/rubies/ruby-2.0.0-p353/lib/ruby/gems/2.0.0/specifications/rspec-mocks-2.14.5.gemspec
I, [2014-02-05T11:27:37.523842 #35731]  INFO -- : 0:  rspec (2.14.1) from /Users/wgester/.rvm/rubies/ruby-2.0.0-p353/lib/ruby/gems/2.0.0/specifications/rspec-2.14.1.gemspec
I, [2014-02-05T11:27:37.524046 #35731]  INFO -- : 0:  tilt (1.4.1) from /Users/wgester/.rvm/rubies/ruby-2.0.0-p353/lib/ruby/gems/2.0.0/specifications/tilt-1.4.1.gemspec
I, [2014-02-05T11:27:37.524248 #35731]  INFO -- : 0:  sinatra (1.4.4) from /Users/wgester/.rvm/rubies/ruby-2.0.0-p353/lib/ruby/gems/2.0.0/specifications/sinatra-1.4.4.gemspec
I, [2014-02-05T11:27:37.524451 #35731]  INFO -- : 0:  sinatra-activerecord (1.2.5) from /Users/wgester/.rvm/rubies/ruby-2.0.0-p353/lib/ruby/gems/2.0.0/specifications/sinatra-activerecord-1.2.5.gemspec
I, [2014-02-05T11:27:37.524652 #35731]  INFO -- : 0:  sinatra-contrib (1.4.2) from /Users/wgester/.rvm/rubies/ruby-2.0.0-p353/lib/ruby/gems/2.0.0/specifications/sinatra-contrib-1.4.2.gemspec
I, [2014-02-05T11:27:37.524854 #35731]  INFO -- : 0:  sqlite3 (1.3.8) from /Users/wgester/.rvm/rubies/ruby-2.0.0-p353/lib/ruby/gems/2.0.0/specifications/sqlite3-1.3.8.gemspec
I, [2014-02-05T11:27:37.525054 #35731]  INFO -- : 0:  thin (1.6.1) from /Users/wgester/.rvm/rubies/ruby-2.0.0-p353/lib/ruby/gems/2.0.0/specifications/thin-1.6.1.gemspec
I, [2014-02-05T11:27:37.525255 #35731]  INFO -- : 0:  tux (0.3.0) from /Users/wgester/.rvm/rubies/ruby-2.0.0-p353/lib/ruby/gems/2.0.0/specifications/tux-0.3.0.gemspec
I, [2014-02-05T11:27:37.525439 #35731]  INFO -- : 0:  bundler (1.5.1) from /Users/wgester/.rvm/rubies/ruby-2.0.0-p353/lib/ruby/gems/2.0.0/specifications/bundler-1.5.1.gemspec
